---------------GENERAL---------------
Date: 09:06 15-10-2013
OS: Linux
OS Version: 3.8.0-31-generic
Java Version: 1.7.0_40
------------------------------------


Starting Server Initialization
Connecting to database...
Creating Server Instance...
Setting Server port...
Setting Requested: server_port.
Loading Database Settings...
Preparing and Executing Query...
Loading Settings with fixed table size: 5
Fetching Server Message of The Day...
Fetching Server Port...
Fetching Server Version...
Fetching Server Authentication Key...
Attaching Handshake handler to the Pipeline...
Setting "keepAlive" and "tcpNoDelay" options for server...
BINDING SERVER TO PORT: 13337...
Server Status is now Online!
Init Time: 685ms.
